<?xml version="1.0" encoding="UTF-8"?>
<!-- Generated by org.testng.reporters.JUnitReportReporter -->
<testsuite hostname="DESKTOP-7EBENM6" failures="0" tests="1" name="com.runner.RunnerTrivago" time="59.425" errors="0" timestamp="2020-07-01T22:44:01 IST" skipped="0">
  <testcase classname="com.runner.RunnerTrivago" name="runScenario" time="59.425"/>
  <system-out/>
</testsuite> <!-- com.runner.RunnerTrivago -->
