<?xml version="1.0" encoding="UTF-8"?>
<!-- Generated by org.testng.reporters.JUnitReportReporter -->
<testsuite hostname="DESKTOP-7EBENM6" failures="0" tests="1" name="com.runner.Runner" time="46.592" errors="0" timestamp="2020-07-01T17:37:06 IST" skipped="0">
  <testcase classname="com.runner.Runner" name="runScenario" time="46.592"/>
  <system-out/>
</testsuite> <!-- com.runner.Runner -->
