<?xml version="1.0" encoding="UTF-8"?>
<!-- Generated by org.testng.reporters.JUnitReportReporter -->
<testsuite hostname="DESKTOP-7EBENM6" failures="0" tests="1" name="com.runner.RunnerHondaBike" time="55.112" errors="0" timestamp="2020-07-03T00:09:00 IST" skipped="0">
  <testcase classname="com.runner.RunnerHondaBike" name="runScenario" time="55.112"/>
  <system-out/>
</testsuite> <!-- com.runner.RunnerHondaBike -->
